<?xml version="1.0" encoding="UTF-8"?>
<coverage generated="1691719251511" clover="3.2.0">
  <project timestamp="1691719251511" name="All files">
    <metrics statements="41" coveredstatements="38" conditionals="2" coveredconditionals="1" methods="13" coveredmethods="10" elements="56" coveredelements="49" complexity="0" loc="41" ncloc="41" packages="4" files="6" classes="6"/>
    <package name="src">
      <metrics statements="14" coveredstatements="14" conditionals="2" coveredconditionals="1" methods="2" coveredmethods="2"/>
      <file name="index.ts" path="/Users/phu/Desktop/personal-project-netflix-clone/backend-account/src/index.ts">
        <metrics statements="14" coveredstatements="14" conditionals="2" coveredconditionals="1" methods="2" coveredmethods="2"/>
        <line num="1" count="1" type="stmt"/>
        <line num="2" count="1" type="stmt"/>
        <line num="4" count="1" type="stmt"/>
        <line num="5" count="1" type="stmt"/>
        <line num="7" count="1" type="cond" truecount="1" falsecount="1"/>
        <line num="9" count="1" type="stmt"/>
        <line num="10" count="1" type="stmt"/>
        <line num="12" count="1" type="stmt"/>
        <line num="14" count="1" type="stmt"/>
        <line num="15" count="1" type="stmt"/>
        <line num="18" count="1" type="stmt"/>
        <line num="20" count="1" type="stmt"/>
        <line num="21" count="1" type="stmt"/>
        <line num="24" count="1" type="stmt"/>
      </file>
    </package>
    <package name="src.controllers">
      <metrics statements="5" coveredstatements="5" conditionals="0" coveredconditionals="0" methods="4" coveredmethods="4"/>
      <file name="accountController.ts" path="/Users/phu/Desktop/personal-project-netflix-clone/backend-account/src/controllers/accountController.ts">
        <metrics statements="5" coveredstatements="5" conditionals="0" coveredconditionals="0" methods="4" coveredmethods="4"/>
        <line num="2" count="1" type="stmt"/>
        <line num="11" count="2" type="stmt"/>
        <line num="12" count="2" type="stmt"/>
        <line num="14" count="1" type="stmt"/>
        <line num="17" count="1" type="stmt"/>
      </file>
    </package>
    <package name="src.models">
      <metrics statements="17" coveredstatements="14" conditionals="0" coveredconditionals="0" methods="7" coveredmethods="4"/>
      <file name="accountModel.ts" path="/Users/phu/Desktop/personal-project-netflix-clone/backend-account/src/models/accountModel.ts">
        <metrics statements="4" coveredstatements="4" conditionals="0" coveredconditionals="0" methods="0" coveredmethods="0"/>
        <line num="1" count="1" type="stmt"/>
        <line num="9" count="1" type="stmt"/>
        <line num="25" count="1" type="stmt"/>
        <line num="27" count="1" type="stmt"/>
      </file>
      <file name="accountService.ts" path="/Users/phu/Desktop/personal-project-netflix-clone/backend-account/src/models/accountService.ts">
        <metrics statements="6" coveredstatements="6" conditionals="0" coveredconditionals="0" methods="4" coveredmethods="4"/>
        <line num="1" count="1" type="stmt"/>
        <line num="9" count="2" type="stmt"/>
        <line num="10" count="2" type="stmt"/>
        <line num="12" count="2" type="stmt"/>
        <line num="15" count="1" type="stmt"/>
        <line num="18" count="1" type="stmt"/>
      </file>
      <file name="dbConnection.ts" path="/Users/phu/Desktop/personal-project-netflix-clone/backend-account/src/models/dbConnection.ts">
        <metrics statements="7" coveredstatements="4" conditionals="0" coveredconditionals="0" methods="3" coveredmethods="0"/>
        <line num="1" count="1" type="stmt"/>
        <line num="3" count="1" type="stmt"/>
        <line num="5" count="1" type="stmt"/>
        <line num="6" count="0" type="stmt"/>
        <line num="12" count="0" type="stmt"/>
        <line num="15" count="0" type="stmt"/>
        <line num="19" count="1" type="stmt"/>
      </file>
    </package>
    <package name="src.routes">
      <metrics statements="5" coveredstatements="5" conditionals="0" coveredconditionals="0" methods="0" coveredmethods="0"/>
      <file name="accountRoute.ts" path="/Users/phu/Desktop/personal-project-netflix-clone/backend-account/src/routes/accountRoute.ts">
        <metrics statements="5" coveredstatements="5" conditionals="0" coveredconditionals="0" methods="0" coveredmethods="0"/>
        <line num="1" count="1" type="stmt"/>
        <line num="3" count="1" type="stmt"/>
        <line num="5" count="1" type="stmt"/>
        <line num="7" count="1" type="stmt"/>
        <line num="9" count="1" type="stmt"/>
      </file>
    </package>
  </project>
</coverage>
