{"/Users/phu/Desktop/personal-project-netflix-clone/backend-account/common/httpCode.ts": {"path":"/Users/phu/Desktop/personal-project-netflix-clone/backend-account/common/httpCode.ts","statementMap":{"0":{"start":{"line":1,"column":13},"end":{"line":1,"column":26}},"1":{"start":{"line":2,"column":13},"end":{"line":2,"column":30}},"2":{"start":{"line":3,"column":13},"end":{"line":3,"column":34}},"3":{"start":{"line":4,"column":13},"end":{"line":4,"column":38}},"4":{"start":{"line":5,"column":13},"end":{"line":5,"column":33}}},"fnMap":{},"branchMap":{},"s":{"0":1,"1":1,"2":1,"3":1,"4":1},"f":{},"b":{}}
,"/Users/phu/Desktop/personal-project-netflix-clone/backend-account/src/index.ts": {"path":"/Users/phu/Desktop/personal-project-netflix-clone/backend-account/src/index.ts","statementMap":{"0":{"start":{"line":1,"column":0},"end":{"line":1,"column":35}},"1":{"start":{"line":2,"column":0},"end":{"line":2,"column":42}},"2":{"start":{"line":4,"column":0},"end":{"line":4,"column":49}},"3":{"start":{"line":5,"column":0},"end":{"line":5,"column":49}},"4":{"start":{"line":7,"column":0},"end":{"line":7,"column":42}},"5":{"start":{"line":9,"column":13},"end":{"line":9,"column":17}},"6":{"start":{"line":10,"column":12},"end":{"line":10,"column":21}},"7":{"start":{"line":24,"column":17},"end":{"line":24,"column":20}},"8":{"start":{"line":12,"column":0},"end":{"line":12,"column":27}},"9":{"start":{"line":14,"column":0},"end":{"line":16,"column":3}},"10":{"start":{"line":15,"column":2},"end":{"line":15,"column":71}},"11":{"start":{"line":18,"column":0},"end":{"line":18,"column":27}},"12":{"start":{"line":20,"column":15},"end":{"line":22,"column":2}},"13":{"start":{"line":21,"column":2},"end":{"line":21,"column":53}},"14":{"start":{"line":24,"column":9},"end":{"line":24,"column":15}}},"fnMap":{"0":{"name":"(anonymous_0)","decl":{"start":{"line":14,"column":13},"end":{"line":14,"column":14}},"loc":{"start":{"line":14,"column":26},"end":{"line":16,"column":1}}},"1":{"name":"(anonymous_1)","decl":{"start":{"line":20,"column":32},"end":{"line":20,"column":35}},"loc":{"start":{"line":20,"column":37},"end":{"line":22,"column":1}}}},"branchMap":{"0":{"loc":{"start":{"line":7,"column":0},"end":{"line":7,"column":41}},"type":"binary-expr","locations":[{"start":{"line":7,"column":0},"end":{"line":7,"column":23}},{"start":{"line":7,"column":27},"end":{"line":7,"column":41}}]}},"s":{"0":1,"1":1,"2":1,"3":1,"4":1,"5":1,"6":1,"7":1,"8":1,"9":1,"10":1,"11":1,"12":1,"13":1,"14":1},"f":{"0":1,"1":1},"b":{"0":[1,0]}}
,"/Users/phu/Desktop/personal-project-netflix-clone/backend-account/src/controllers/accountController.ts": {"path":"/Users/phu/Desktop/personal-project-netflix-clone/backend-account/src/controllers/accountController.ts","statementMap":{"0":{"start":{"line":2,"column":0},"end":{"line":2,"column":108}},"1":{"start":{"line":3,"column":0},"end":{"line":3,"column":110}},"2":{"start":{"line":11,"column":30},"end":{"line":19,"column":1}},"3":{"start":{"line":12,"column":2},"end":{"line":18,"column":7}},"4":{"start":{"line":14,"column":6},"end":{"line":14,"column":42}},"5":{"start":{"line":17,"column":6},"end":{"line":17,"column":80}},"6":{"start":{"line":11,"column":13},"end":{"line":11,"column":30}},"7":{"start":{"line":21,"column":29},"end":{"line":29,"column":1}},"8":{"start":{"line":22,"column":2},"end":{"line":28,"column":7}},"9":{"start":{"line":24,"column":6},"end":{"line":24,"column":38}},"10":{"start":{"line":27,"column":6},"end":{"line":27,"column":80}},"11":{"start":{"line":21,"column":13},"end":{"line":21,"column":29}},"12":{"start":{"line":31,"column":31},"end":{"line":40,"column":1}},"13":{"start":{"line":32,"column":2},"end":{"line":39,"column":7}},"14":{"start":{"line":34,"column":6},"end":{"line":34,"column":48}},"15":{"start":{"line":35,"column":6},"end":{"line":35,"column":50}},"16":{"start":{"line":38,"column":6},"end":{"line":38,"column":80}},"17":{"start":{"line":31,"column":13},"end":{"line":31,"column":31}},"18":{"start":{"line":42,"column":32},"end":{"line":48,"column":1}},"19":{"start":{"line":43,"column":2},"end":{"line":47,"column":7}},"20":{"start":{"line":44,"column":16},"end":{"line":44,"column":49}},"21":{"start":{"line":46,"column":6},"end":{"line":46,"column":80}},"22":{"start":{"line":42,"column":13},"end":{"line":42,"column":32}},"23":{"start":{"line":50,"column":29},"end":{"line":59,"column":1}},"24":{"start":{"line":51,"column":2},"end":{"line":58,"column":7}},"25":{"start":{"line":53,"column":6},"end":{"line":53,"column":48}},"26":{"start":{"line":54,"column":6},"end":{"line":54,"column":50}},"27":{"start":{"line":57,"column":6},"end":{"line":57,"column":80}},"28":{"start":{"line":50,"column":13},"end":{"line":50,"column":29}}},"fnMap":{"0":{"name":"(anonymous_0)","decl":{"start":{"line":11,"column":30},"end":{"line":11,"column":35}},"loc":{"start":{"line":11,"column":68},"end":{"line":19,"column":1}}},"1":{"name":"(anonymous_1)","decl":{"start":{"line":13,"column":10},"end":{"line":13,"column":11}},"loc":{"start":{"line":13,"column":30},"end":{"line":15,"column":5}}},"2":{"name":"(anonymous_2)","decl":{"start":{"line":16,"column":11},"end":{"line":16,"column":14}},"loc":{"start":{"line":16,"column":16},"end":{"line":18,"column":5}}},"3":{"name":"(anonymous_3)","decl":{"start":{"line":21,"column":29},"end":{"line":21,"column":34}},"loc":{"start":{"line":21,"column":67},"end":{"line":29,"column":1}}},"4":{"name":"(anonymous_4)","decl":{"start":{"line":23,"column":10},"end":{"line":23,"column":11}},"loc":{"start":{"line":23,"column":37},"end":{"line":25,"column":5}}},"5":{"name":"(anonymous_5)","decl":{"start":{"line":26,"column":11},"end":{"line":26,"column":14}},"loc":{"start":{"line":26,"column":16},"end":{"line":28,"column":5}}},"6":{"name":"(anonymous_6)","decl":{"start":{"line":31,"column":31},"end":{"line":31,"column":36}},"loc":{"start":{"line":31,"column":69},"end":{"line":40,"column":1}}},"7":{"name":"(anonymous_7)","decl":{"start":{"line":33,"column":10},"end":{"line":33,"column":11}},"loc":{"start":{"line":33,"column":21},"end":{"line":36,"column":5}}},"8":{"name":"(anonymous_8)","decl":{"start":{"line":37,"column":11},"end":{"line":37,"column":14}},"loc":{"start":{"line":37,"column":16},"end":{"line":39,"column":5}}},"9":{"name":"(anonymous_9)","decl":{"start":{"line":42,"column":32},"end":{"line":42,"column":37}},"loc":{"start":{"line":42,"column":70},"end":{"line":48,"column":1}}},"10":{"name":"(anonymous_10)","decl":{"start":{"line":44,"column":10},"end":{"line":44,"column":13}},"loc":{"start":{"line":44,"column":16},"end":{"line":44,"column":49}}},"11":{"name":"(anonymous_11)","decl":{"start":{"line":45,"column":11},"end":{"line":45,"column":14}},"loc":{"start":{"line":45,"column":16},"end":{"line":47,"column":5}}},"12":{"name":"(anonymous_12)","decl":{"start":{"line":50,"column":29},"end":{"line":50,"column":34}},"loc":{"start":{"line":50,"column":67},"end":{"line":59,"column":1}}},"13":{"name":"(anonymous_13)","decl":{"start":{"line":52,"column":10},"end":{"line":52,"column":11}},"loc":{"start":{"line":52,"column":21},"end":{"line":55,"column":5}}},"14":{"name":"(anonymous_14)","decl":{"start":{"line":56,"column":11},"end":{"line":56,"column":14}},"loc":{"start":{"line":56,"column":16},"end":{"line":58,"column":5}}}},"branchMap":{"0":{"loc":{"start":{"line":34,"column":6},"end":{"line":34,"column":47}},"type":"binary-expr","locations":[{"start":{"line":34,"column":6},"end":{"line":34,"column":12}},{"start":{"line":34,"column":16},"end":{"line":34,"column":47}}]},"1":{"loc":{"start":{"line":35,"column":6},"end":{"line":35,"column":49}},"type":"binary-expr","locations":[{"start":{"line":35,"column":6},"end":{"line":35,"column":13}},{"start":{"line":35,"column":17},"end":{"line":35,"column":49}}]},"2":{"loc":{"start":{"line":53,"column":6},"end":{"line":53,"column":47}},"type":"binary-expr","locations":[{"start":{"line":53,"column":6},"end":{"line":53,"column":12}},{"start":{"line":53,"column":16},"end":{"line":53,"column":47}}]},"3":{"loc":{"start":{"line":54,"column":6},"end":{"line":54,"column":49}},"type":"binary-expr","locations":[{"start":{"line":54,"column":6},"end":{"line":54,"column":13}},{"start":{"line":54,"column":17},"end":{"line":54,"column":49}}]}},"s":{"0":1,"1":1,"2":1,"3":41,"4":38,"5":3,"6":1,"7":1,"8":3,"9":3,"10":0,"11":1,"12":1,"13":2,"14":2,"15":2,"16":0,"17":1,"18":1,"19":2,"20":2,"21":0,"22":1,"23":1,"24":2,"25":2,"26":2,"27":0,"28":1},"f":{"0":41,"1":38,"2":3,"3":3,"4":3,"5":0,"6":2,"7":2,"8":0,"9":2,"10":2,"11":0,"12":2,"13":2,"14":0},"b":{"0":[2,2],"1":[2,0],"2":[2,1],"3":[2,1]}}
,"/Users/phu/Desktop/personal-project-netflix-clone/backend-account/src/models/accountModel.ts": {"path":"/Users/phu/Desktop/personal-project-netflix-clone/backend-account/src/models/accountModel.ts","statementMap":{"0":{"start":{"line":1,"column":0},"end":{"line":1,"column":54}},"1":{"start":{"line":2,"column":0},"end":{"line":2,"column":33}},"2":{"start":{"line":9,"column":29},"end":{"line":27,"column":2}},"3":{"start":{"line":16,"column":27},"end":{"line":16,"column":76}},"4":{"start":{"line":17,"column":8},"end":{"line":17,"column":38}},"5":{"start":{"line":30,"column":0},"end":{"line":37,"column":3}},"6":{"start":{"line":31,"column":2},"end":{"line":35,"column":null}},"7":{"start":{"line":32,"column":17},"end":{"line":32,"column":41}},"8":{"start":{"line":33,"column":27},"end":{"line":33,"column":65}},"9":{"start":{"line":34,"column":4},"end":{"line":34,"column":35}},"10":{"start":{"line":36,"column":2},"end":{"line":36,"column":9}},"11":{"start":{"line":39,"column":21},"end":{"line":39,"column":70}},"12":{"start":{"line":41,"column":0},"end":{"line":41,"column":28}}},"fnMap":{"0":{"name":"(anonymous_0)","decl":{"start":{"line":15,"column":17},"end":{"line":15,"column":18}},"loc":{"start":{"line":15,"column":35},"end":{"line":18,"column":7}}},"1":{"name":"(anonymous_1)","decl":{"start":{"line":30,"column":37},"end":{"line":30,"column":42}},"loc":{"start":{"line":30,"column":57},"end":{"line":37,"column":1}}}},"branchMap":{"0":{"loc":{"start":{"line":31,"column":2},"end":{"line":35,"column":null}},"type":"if","locations":[{"start":{"line":31,"column":2},"end":{"line":35,"column":null}}]}},"s":{"0":1,"1":1,"2":1,"3":41,"4":41,"5":1,"6":39,"7":39,"8":39,"9":39,"10":39,"11":1,"12":1},"f":{"0":41,"1":39},"b":{"0":[39]}}
,"/Users/phu/Desktop/personal-project-netflix-clone/backend-account/src/models/accountService.ts": {"path":"/Users/phu/Desktop/personal-project-netflix-clone/backend-account/src/models/accountService.ts","statementMap":{"0":{"start":{"line":1,"column":0},"end":{"line":1,"column":33}},"1":{"start":{"line":3,"column":0},"end":{"line":3,"column":42}},"2":{"start":{"line":10,"column":27},"end":{"line":22,"column":1}},"3":{"start":{"line":11,"column":20},"end":{"line":11,"column":45}},"4":{"start":{"line":13,"column":2},"end":{"line":21,"column":7}},"5":{"start":{"line":16,"column":6},"end":{"line":16,"column":23}},"6":{"start":{"line":19,"column":6},"end":{"line":19,"column":23}},"7":{"start":{"line":20,"column":6},"end":{"line":20,"column":16}},"8":{"start":{"line":10,"column":13},"end":{"line":10,"column":27}},"9":{"start":{"line":24,"column":26},"end":{"line":31,"column":1}},"10":{"start":{"line":25,"column":2},"end":{"line":30,"column":7}},"11":{"start":{"line":26,"column":24},"end":{"line":26,"column":32}},"12":{"start":{"line":28,"column":6},"end":{"line":28,"column":23}},"13":{"start":{"line":29,"column":6},"end":{"line":29,"column":16}},"14":{"start":{"line":24,"column":13},"end":{"line":24,"column":26}},"15":{"start":{"line":33,"column":28},"end":{"line":40,"column":1}},"16":{"start":{"line":34,"column":2},"end":{"line":39,"column":7}},"17":{"start":{"line":35,"column":23},"end":{"line":35,"column":30}},"18":{"start":{"line":37,"column":6},"end":{"line":37,"column":23}},"19":{"start":{"line":38,"column":6},"end":{"line":38,"column":16}},"20":{"start":{"line":33,"column":13},"end":{"line":33,"column":28}},"21":{"start":{"line":42,"column":29},"end":{"line":49,"column":1}},"22":{"start":{"line":43,"column":2},"end":{"line":48,"column":7}},"23":{"start":{"line":44,"column":22},"end":{"line":44,"column":28}},"24":{"start":{"line":46,"column":6},"end":{"line":46,"column":23}},"25":{"start":{"line":47,"column":6},"end":{"line":47,"column":16}},"26":{"start":{"line":42,"column":13},"end":{"line":42,"column":29}},"27":{"start":{"line":51,"column":26},"end":{"line":60,"column":1}},"28":{"start":{"line":52,"column":15},"end":{"line":52,"column":39}},"29":{"start":{"line":53,"column":2},"end":{"line":53,"column":63}},"30":{"start":{"line":54,"column":2},"end":{"line":59,"column":7}},"31":{"start":{"line":55,"column":22},"end":{"line":55,"column":28}},"32":{"start":{"line":57,"column":6},"end":{"line":57,"column":23}},"33":{"start":{"line":58,"column":6},"end":{"line":58,"column":16}},"34":{"start":{"line":51,"column":13},"end":{"line":51,"column":26}}},"fnMap":{"0":{"name":"(anonymous_0)","decl":{"start":{"line":10,"column":27},"end":{"line":10,"column":32}},"loc":{"start":{"line":10,"column":54},"end":{"line":22,"column":1}}},"1":{"name":"(anonymous_1)","decl":{"start":{"line":15,"column":10},"end":{"line":15,"column":11}},"loc":{"start":{"line":15,"column":24},"end":{"line":17,"column":5}}},"2":{"name":"(anonymous_2)","decl":{"start":{"line":18,"column":11},"end":{"line":18,"column":12}},"loc":{"start":{"line":18,"column":19},"end":{"line":21,"column":5}}},"3":{"name":"(anonymous_3)","decl":{"start":{"line":24,"column":26},"end":{"line":24,"column":31}},"loc":{"start":{"line":24,"column":37},"end":{"line":31,"column":1}}},"4":{"name":"(anonymous_4)","decl":{"start":{"line":26,"column":10},"end":{"line":26,"column":11}},"loc":{"start":{"line":26,"column":24},"end":{"line":26,"column":32}}},"5":{"name":"(anonymous_5)","decl":{"start":{"line":27,"column":11},"end":{"line":27,"column":12}},"loc":{"start":{"line":27,"column":19},"end":{"line":30,"column":5}}},"6":{"name":"(anonymous_6)","decl":{"start":{"line":33,"column":28},"end":{"line":33,"column":33}},"loc":{"start":{"line":33,"column":49},"end":{"line":40,"column":1}}},"7":{"name":"(anonymous_7)","decl":{"start":{"line":35,"column":10},"end":{"line":35,"column":11}},"loc":{"start":{"line":35,"column":23},"end":{"line":35,"column":30}}},"8":{"name":"(anonymous_8)","decl":{"start":{"line":36,"column":11},"end":{"line":36,"column":12}},"loc":{"start":{"line":36,"column":19},"end":{"line":39,"column":5}}},"9":{"name":"(anonymous_9)","decl":{"start":{"line":42,"column":29},"end":{"line":42,"column":34}},"loc":{"start":{"line":42,"column":50},"end":{"line":49,"column":1}}},"10":{"name":"(anonymous_10)","decl":{"start":{"line":44,"column":10},"end":{"line":44,"column":11}},"loc":{"start":{"line":44,"column":22},"end":{"line":44,"column":28}}},"11":{"name":"(anonymous_11)","decl":{"start":{"line":45,"column":11},"end":{"line":45,"column":12}},"loc":{"start":{"line":45,"column":19},"end":{"line":48,"column":5}}},"12":{"name":"(anonymous_12)","decl":{"start":{"line":51,"column":26},"end":{"line":51,"column":31}},"loc":{"start":{"line":51,"column":65},"end":{"line":60,"column":1}}},"13":{"name":"(anonymous_13)","decl":{"start":{"line":55,"column":10},"end":{"line":55,"column":11}},"loc":{"start":{"line":55,"column":22},"end":{"line":55,"column":28}}},"14":{"name":"(anonymous_14)","decl":{"start":{"line":56,"column":11},"end":{"line":56,"column":12}},"loc":{"start":{"line":56,"column":19},"end":{"line":59,"column":5}}}},"branchMap":{},"s":{"0":1,"1":1,"2":1,"3":41,"4":41,"5":38,"6":3,"7":3,"8":1,"9":1,"10":3,"11":3,"12":0,"13":0,"14":1,"15":1,"16":2,"17":2,"18":0,"19":0,"20":1,"21":1,"22":2,"23":2,"24":0,"25":0,"26":1,"27":1,"28":2,"29":2,"30":2,"31":2,"32":0,"33":0,"34":1},"f":{"0":41,"1":38,"2":3,"3":3,"4":3,"5":0,"6":2,"7":2,"8":0,"9":2,"10":2,"11":0,"12":2,"13":2,"14":0},"b":{}}
,"/Users/phu/Desktop/personal-project-netflix-clone/backend-account/src/models/dbConnection.ts": {"path":"/Users/phu/Desktop/personal-project-netflix-clone/backend-account/src/models/dbConnection.ts","statementMap":{"0":{"start":{"line":1,"column":0},"end":{"line":1,"column":52}},"1":{"start":{"line":3,"column":12},"end":{"line":3,"column":55}},"2":{"start":{"line":5,"column":21},"end":{"line":17,"column":1}},"3":{"start":{"line":6,"column":2},"end":{"line":16,"column":7}},"4":{"start":{"line":12,"column":6},"end":{"line":12,"column":42}},"5":{"start":{"line":15,"column":6},"end":{"line":15,"column":55}},"6":{"start":{"line":19,"column":0},"end":{"line":19,"column":28}}},"fnMap":{"0":{"name":"(anonymous_0)","decl":{"start":{"line":5,"column":21},"end":{"line":5,"column":24}},"loc":{"start":{"line":5,"column":26},"end":{"line":17,"column":1}}},"1":{"name":"(anonymous_1)","decl":{"start":{"line":11,"column":10},"end":{"line":11,"column":13}},"loc":{"start":{"line":11,"column":15},"end":{"line":13,"column":5}}},"2":{"name":"(anonymous_2)","decl":{"start":{"line":14,"column":11},"end":{"line":14,"column":12}},"loc":{"start":{"line":14,"column":19},"end":{"line":16,"column":5}}}},"branchMap":{},"s":{"0":1,"1":1,"2":1,"3":0,"4":0,"5":0,"6":1},"f":{"0":0,"1":0,"2":0},"b":{}}
,"/Users/phu/Desktop/personal-project-netflix-clone/backend-account/src/routes/accountRoute.ts": {"path":"/Users/phu/Desktop/personal-project-netflix-clone/backend-account/src/routes/accountRoute.ts","statementMap":{"0":{"start":{"line":1,"column":0},"end":{"line":1,"column":35}},"1":{"start":{"line":3,"column":0},"end":{"line":3,"column":null}},"2":{"start":{"line":11,"column":15},"end":{"line":11,"column":31}},"3":{"start":{"line":13,"column":0},"end":{"line":13,"column":49}},"4":{"start":{"line":14,"column":0},"end":{"line":14,"column":55}},"5":{"start":{"line":15,"column":0},"end":{"line":15,"column":51}},"6":{"start":{"line":16,"column":0},"end":{"line":16,"column":59}},"7":{"start":{"line":17,"column":0},"end":{"line":17,"column":53}},"8":{"start":{"line":19,"column":0},"end":{"line":19,"column":22}}},"fnMap":{},"branchMap":{},"s":{"0":1,"1":1,"2":1,"3":1,"4":1,"5":1,"6":1,"7":1,"8":1},"f":{},"b":{}}
}
