{"/Users/phu/Desktop/personal-project-netflix-clone/backend-account/src/index.ts": {"path":"/Users/phu/Desktop/personal-project-netflix-clone/backend-account/src/index.ts","statementMap":{"0":{"start":{"line":1,"column":0},"end":{"line":1,"column":35}},"1":{"start":{"line":2,"column":0},"end":{"line":2,"column":42}},"2":{"start":{"line":4,"column":0},"end":{"line":4,"column":49}},"3":{"start":{"line":5,"column":0},"end":{"line":5,"column":49}},"4":{"start":{"line":7,"column":0},"end":{"line":7,"column":42}},"5":{"start":{"line":9,"column":13},"end":{"line":9,"column":17}},"6":{"start":{"line":10,"column":12},"end":{"line":10,"column":21}},"7":{"start":{"line":24,"column":17},"end":{"line":24,"column":20}},"8":{"start":{"line":12,"column":0},"end":{"line":12,"column":27}},"9":{"start":{"line":14,"column":0},"end":{"line":16,"column":3}},"10":{"start":{"line":15,"column":2},"end":{"line":15,"column":71}},"11":{"start":{"line":18,"column":0},"end":{"line":18,"column":30}},"12":{"start":{"line":20,"column":15},"end":{"line":22,"column":2}},"13":{"start":{"line":21,"column":2},"end":{"line":21,"column":53}},"14":{"start":{"line":24,"column":9},"end":{"line":24,"column":15}}},"fnMap":{"0":{"name":"(anonymous_0)","decl":{"start":{"line":14,"column":13},"end":{"line":14,"column":14}},"loc":{"start":{"line":14,"column":26},"end":{"line":16,"column":1}}},"1":{"name":"(anonymous_1)","decl":{"start":{"line":20,"column":32},"end":{"line":20,"column":35}},"loc":{"start":{"line":20,"column":37},"end":{"line":22,"column":1}}}},"branchMap":{"0":{"loc":{"start":{"line":7,"column":0},"end":{"line":7,"column":41}},"type":"binary-expr","locations":[{"start":{"line":7,"column":0},"end":{"line":7,"column":23}},{"start":{"line":7,"column":27},"end":{"line":7,"column":41}}]}},"s":{"0":1,"1":1,"2":1,"3":1,"4":1,"5":1,"6":1,"7":1,"8":1,"9":1,"10":1,"11":1,"12":1,"13":1,"14":1},"f":{"0":1,"1":1},"b":{"0":[1,0]}}
,"/Users/phu/Desktop/personal-project-netflix-clone/backend-account/src/controllers/accountController.ts": {"path":"/Users/phu/Desktop/personal-project-netflix-clone/backend-account/src/controllers/accountController.ts","statementMap":{"0":{"start":{"line":2,"column":0},"end":{"line":2,"column":55}},"1":{"start":{"line":11,"column":30},"end":{"line":19,"column":2}},"2":{"start":{"line":11,"column":68},"end":{"line":19,"column":2}},"3":{"start":{"line":12,"column":2},"end":{"line":18,"column":7}},"4":{"start":{"line":14,"column":6},"end":{"line":14,"column":35}},"5":{"start":{"line":17,"column":6},"end":{"line":17,"column":65}},"6":{"start":{"line":11,"column":13},"end":{"line":11,"column":30}}},"fnMap":{"0":{"name":"(anonymous_7)","decl":{"start":{"line":11,"column":30},"end":{"line":11,"column":37}},"loc":{"start":{"line":11,"column":68},"end":{"line":19,"column":2}}},"1":{"name":"(anonymous_8)","decl":{"start":{"line":11,"column":68},"end":{"line":11,"column":null}},"loc":{"start":{"line":11,"column":68},"end":{"line":19,"column":1}}},"2":{"name":"(anonymous_9)","decl":{"start":{"line":13,"column":10},"end":{"line":13,"column":11}},"loc":{"start":{"line":13,"column":30},"end":{"line":15,"column":5}}},"3":{"name":"(anonymous_10)","decl":{"start":{"line":16,"column":11},"end":{"line":16,"column":14}},"loc":{"start":{"line":16,"column":16},"end":{"line":18,"column":5}}}},"branchMap":{},"s":{"0":1,"1":1,"2":2,"3":2,"4":1,"5":1,"6":1},"f":{"0":2,"1":2,"2":1,"3":1},"b":{}}
,"/Users/phu/Desktop/personal-project-netflix-clone/backend-account/src/models/accountModel.ts": {"path":"/Users/phu/Desktop/personal-project-netflix-clone/backend-account/src/models/accountModel.ts","statementMap":{"0":{"start":{"line":1,"column":0},"end":{"line":1,"column":54}},"1":{"start":{"line":9,"column":29},"end":{"line":23,"column":2}},"2":{"start":{"line":25,"column":21},"end":{"line":25,"column":70}},"3":{"start":{"line":27,"column":0},"end":{"line":27,"column":28}}},"fnMap":{},"branchMap":{},"s":{"0":1,"1":1,"2":1,"3":1},"f":{},"b":{}}
,"/Users/phu/Desktop/personal-project-netflix-clone/backend-account/src/models/accountService.ts": {"path":"/Users/phu/Desktop/personal-project-netflix-clone/backend-account/src/models/accountService.ts","statementMap":{"0":{"start":{"line":1,"column":0},"end":{"line":1,"column":42}},"1":{"start":{"line":9,"column":27},"end":{"line":20,"column":2}},"2":{"start":{"line":9,"column":54},"end":{"line":20,"column":2}},"3":{"start":{"line":10,"column":20},"end":{"line":10,"column":45}},"4":{"start":{"line":12,"column":2},"end":{"line":19,"column":7}},"5":{"start":{"line":15,"column":6},"end":{"line":15,"column":23}},"6":{"start":{"line":18,"column":6},"end":{"line":18,"column":16}},"7":{"start":{"line":9,"column":13},"end":{"line":9,"column":27}}},"fnMap":{"0":{"name":"(anonymous_7)","decl":{"start":{"line":9,"column":27},"end":{"line":9,"column":34}},"loc":{"start":{"line":9,"column":54},"end":{"line":20,"column":2}}},"1":{"name":"(anonymous_8)","decl":{"start":{"line":9,"column":54},"end":{"line":9,"column":null}},"loc":{"start":{"line":9,"column":54},"end":{"line":20,"column":1}}},"2":{"name":"(anonymous_9)","decl":{"start":{"line":14,"column":10},"end":{"line":14,"column":11}},"loc":{"start":{"line":14,"column":24},"end":{"line":16,"column":5}}},"3":{"name":"(anonymous_10)","decl":{"start":{"line":17,"column":11},"end":{"line":17,"column":12}},"loc":{"start":{"line":17,"column":19},"end":{"line":19,"column":5}}}},"branchMap":{},"s":{"0":1,"1":1,"2":2,"3":2,"4":2,"5":1,"6":1,"7":1},"f":{"0":2,"1":2,"2":1,"3":1},"b":{}}
,"/Users/phu/Desktop/personal-project-netflix-clone/backend-account/src/models/dbConnection.ts": {"path":"/Users/phu/Desktop/personal-project-netflix-clone/backend-account/src/models/dbConnection.ts","statementMap":{"0":{"start":{"line":1,"column":0},"end":{"line":1,"column":52}},"1":{"start":{"line":3,"column":12},"end":{"line":3,"column":55}},"2":{"start":{"line":5,"column":21},"end":{"line":17,"column":1}},"3":{"start":{"line":6,"column":2},"end":{"line":16,"column":7}},"4":{"start":{"line":12,"column":6},"end":{"line":12,"column":42}},"5":{"start":{"line":15,"column":6},"end":{"line":15,"column":55}},"6":{"start":{"line":19,"column":0},"end":{"line":19,"column":28}}},"fnMap":{"0":{"name":"(anonymous_0)","decl":{"start":{"line":5,"column":21},"end":{"line":5,"column":24}},"loc":{"start":{"line":5,"column":26},"end":{"line":17,"column":1}}},"1":{"name":"(anonymous_1)","decl":{"start":{"line":11,"column":10},"end":{"line":11,"column":13}},"loc":{"start":{"line":11,"column":15},"end":{"line":13,"column":5}}},"2":{"name":"(anonymous_2)","decl":{"start":{"line":14,"column":11},"end":{"line":14,"column":12}},"loc":{"start":{"line":14,"column":19},"end":{"line":16,"column":5}}}},"branchMap":{},"s":{"0":1,"1":1,"2":1,"3":0,"4":0,"5":0,"6":1},"f":{"0":0,"1":0,"2":0},"b":{}}
,"/Users/phu/Desktop/personal-project-netflix-clone/backend-account/src/routes/accountRoute.ts": {"path":"/Users/phu/Desktop/personal-project-netflix-clone/backend-account/src/routes/accountRoute.ts","statementMap":{"0":{"start":{"line":1,"column":0},"end":{"line":1,"column":35}},"1":{"start":{"line":3,"column":0},"end":{"line":3,"column":66}},"2":{"start":{"line":5,"column":15},"end":{"line":5,"column":31}},"3":{"start":{"line":7,"column":0},"end":{"line":7,"column":47}},"4":{"start":{"line":9,"column":0},"end":{"line":9,"column":22}}},"fnMap":{},"branchMap":{},"s":{"0":1,"1":1,"2":1,"3":1,"4":1},"f":{},"b":{}}
}
